{"level":"high","message":"TypeError: fetch failed","createdAt":"2025-03-12T13:31:04.037Z"}
{"level":"high","message":"TypeError: fetch failed","createdAt":"2025-03-12T13:31:06.002Z"}
{"level":"high","message":"TypeError: fetch failed","createdAt":"2025-03-12T13:31:08.003Z"}
{"level":"high","message":"TypeError: fetch failed","createdAt":"2025-03-12T13:31:10.004Z"}
{"level":"high","message":"TypeError: fetch failed","createdAt":"2025-03-12T13:31:12.003Z"}
{"level":"high","message":"TypeError: fetch failed","createdAt":"2025-03-12T13:31:14.003Z"}
{"level":"high","message":"TypeError: fetch failed","createdAt":"2025-03-12T13:31:16.003Z"}
{"level":"high","message":"TypeError: fetch failed","createdAt":"2025-03-12T13:31:18.003Z"}
{"level":"high","message":"TypeError: fetch failed","createdAt":"2025-03-12T13:31:20.003Z"}
{"level":"high","message":"TypeError: fetch failed","createdAt":"2025-03-12T13:31:22.004Z"}
{"level":"high","message":"TypeError: Failed to parse URL from google.com","createdAt":"2025-03-12T13:31:24.015Z"}
{"level":"high","message":"TypeError: Failed to parse URL from google.com","createdAt":"2025-03-12T13:31:26.003Z"}
{"level":"high","message":"TypeError: Failed to parse URL from google.com","createdAt":"2025-03-12T13:31:28.002Z"}
{"level":"high","message":"TypeError: Failed to parse URL from google.com","createdAt":"2025-03-12T13:31:30.002Z"}
{"level":"high","message":"TypeError: Failed to parse URL from google.com","createdAt":"2025-03-12T13:31:32.000Z"}
{"level":"high","message":"TypeError: Failed to parse URL from google.com","createdAt":"2025-03-12T13:31:34.003Z"}
{"level":"low","message":"Service with url https://google.com is working","createdAt":"2025-03-12T13:31:36.541Z"}
{"level":"low","message":"Service with url https://google.com is working","createdAt":"2025-03-12T13:33:20.527Z"}
{"level":"low","message":"Service with url https://google.com is working","createdAt":"2025-03-12T13:34:32.522Z"}
{"level":"low","message":"Service with url https://google.com is working","createdAt":"2025-03-12T13:34:54.507Z"}
{"level":"low","message":"Service with url https://google.com is working","createdAt":"2025-03-12T13:37:58.535Z"}
{"level":"low","message":"Service with url https://google.com is working","createdAt":"2025-03-12T13:39:56.575Z"}
{"level":"low","message":"Service with url https://google.com is working","createdAt":"2025-03-12T13:40:32.507Z"}
{"level":"low","message":"Service with url https://google.com is working","createdAt":"2025-03-12T13:40:40.500Z"}
{"level":"low","message":"Service with url https://google.com is working","createdAt":"2025-03-12T13:40:54.510Z"}
{"level":"low","message":"Service with url https://google.com is working","createdAt":"2025-03-12T13:47:02.573Z"}
{"level":"low","message":"Service with url https://google.com is working","createdAt":"2025-03-12T13:48:10.546Z"}
{"level":"low","message":"Service with url https://google.com is working","createdAt":"2025-04-02T06:08:01.055Z"}
{"level":"low","message":"Service with url https://google.com is working","createdAt":"2025-04-02T06:08:58.523Z"}
{"level":"low","message":"Service with url https://google.com is working","createdAt":"2025-04-02T06:12:14.532Z"}
{"level":"low","message":"Service with url https://google.com is working","createdAt":"2025-04-02T06:12:16.632Z"}
{"level":"low","message":"Service with url https://google.com is working","createdAt":"2025-04-02T06:12:19.396Z"}
{"level":"low","message":"Service with url https://google.com is working","createdAt":"2025-04-02T06:12:21.978Z"}
{"level":"low","message":"Service with url https://google.com is working","createdAt":"2025-04-02T06:12:22.225Z"}
{"level":"low","message":"Service with url https://google.com is working","createdAt":"2025-04-02T06:12:24.274Z"}
{"level":"low","message":"Service with url https://google.com is working","createdAt":"2025-04-02T06:12:26.227Z"}
{"level":"low","message":"Service with url https://google.com is working","createdAt":"2025-04-02T06:12:28.221Z"}
{"level":"low","message":"Service with url https://google.com is working","createdAt":"2025-04-02T06:12:30.218Z"}
{"level":"low","message":"Service with url https://google.com is working","createdAt":"2025-04-02T06:12:32.220Z"}
{"level":"low","message":"Service with url https://google.com is working","createdAt":"2025-04-02T06:12:34.215Z"}
{"level":"low","message":"Service with url https://google.com is working","createdAt":"2025-04-02T06:12:37.014Z"}
{"level":"low","message":"Service with url https://google.com is working","createdAt":"2025-04-02T06:12:38.226Z"}
{"level":"low","message":"Service with url https://google.com is working","createdAt":"2025-04-02T06:12:40.220Z"}
{"level":"low","message":"Service with url https://google.com is working","createdAt":"2025-04-02T06:12:42.995Z"}
{"level":"low","message":"Service with url https://google.com is working","createdAt":"2025-04-02T06:12:44.232Z"}
{"level":"low","message":"Service with url https://google.com is working","createdAt":"2025-04-02T06:12:46.220Z"}
{"level":"low","message":"Service with url https://google.com is working","createdAt":"2025-04-02T06:12:48.220Z"}
{"level":"low","message":"Service with url https://google.com is working","createdAt":"2025-04-02T06:12:50.233Z"}
{"level":"low","message":"Service with url https://google.com is working","createdAt":"2025-04-02T06:12:52.226Z"}
{"level":"low","message":"Service with url https://google.com is working","createdAt":"2025-04-02T06:12:54.213Z"}
{"level":"low","message":"Service with url https://google.com is working","createdAt":"2025-04-02T06:12:56.221Z"}
{"level":"low","message":"Service with url https://google.com is working","createdAt":"2025-04-02T06:12:58.219Z"}
{"level":"high","message":"TypeError: fetch failed","createdAt":"2025-04-02T06:13:00.034Z"}
{"level":"high","message":"TypeError: fetch failed","createdAt":"2025-04-02T06:13:02.003Z"}
{"level":"high","message":"TypeError: fetch failed","createdAt":"2025-04-02T06:13:04.004Z"}
{"level":"high","message":"TypeError: fetch failed","createdAt":"2025-04-02T06:13:06.004Z"}
{"level":"high","message":"TypeError: fetch failed","createdAt":"2025-04-02T06:13:08.004Z"}
{"level":"high","message":"TypeError: fetch failed","createdAt":"2025-04-02T06:13:10.004Z"}
{"level":"high","message":"TypeError: fetch failed","createdAt":"2025-04-02T06:13:12.003Z"}
{"level":"high","message":"TypeError: fetch failed","createdAt":"2025-04-02T06:13:14.003Z"}
{"level":"high","message":"TypeError: fetch failed","createdAt":"2025-04-02T06:13:16.003Z"}
{"level":"high","message":"TypeError: fetch failed","createdAt":"2025-04-02T06:13:18.003Z"}
{"level":"high","message":"TypeError: fetch failed","createdAt":"2025-04-02T06:13:20.002Z"}
{"level":"high","message":"TypeError: fetch failed","createdAt":"2025-04-02T06:13:22.005Z"}
{"level":"high","message":"TypeError: fetch failed","createdAt":"2025-04-02T06:13:24.003Z"}
{"level":"high","message":"TypeError: fetch failed","createdAt":"2025-04-02T06:13:26.002Z"}
{"level":"high","message":"TypeError: fetch failed","createdAt":"2025-04-02T06:13:28.004Z"}
{"level":"high","message":"TypeError: fetch failed","createdAt":"2025-04-02T06:13:30.004Z"}
{"level":"high","message":"TypeError: fetch failed","createdAt":"2025-04-02T06:13:32.004Z"}
{"level":"high","message":"TypeError: fetch failed","createdAt":"2025-04-02T06:13:34.004Z"}
{"level":"high","message":"TypeError: fetch failed","createdAt":"2025-04-02T06:13:36.003Z"}
{"level":"high","message":"TypeError: fetch failed","createdAt":"2025-04-02T06:13:38.004Z"}
{"level":"high","message":"TypeError: fetch failed","createdAt":"2025-04-02T06:13:40.002Z"}
{"level":"high","message":"TypeError: fetch failed","createdAt":"2025-04-02T06:13:42.003Z"}
{"level":"high","message":"TypeError: fetch failed","createdAt":"2025-04-02T06:13:44.003Z"}
{"level":"high","message":"TypeError: fetch failed","createdAt":"2025-04-02T06:13:46.003Z"}
{"level":"high","message":"TypeError: fetch failed","createdAt":"2025-04-02T06:13:48.004Z"}
{"level":"high","message":"TypeError: fetch failed","createdAt":"2025-04-02T06:13:50.002Z"}
{"level":"high","message":"TypeError: fetch failed","createdAt":"2025-04-02T06:13:52.003Z"}
{"level":"high","message":"TypeError: fetch failed","createdAt":"2025-04-02T06:13:54.004Z"}
{"level":"high","message":"TypeError: fetch failed","createdAt":"2025-04-02T06:13:56.004Z"}
{"level":"high","message":"TypeError: fetch failed","createdAt":"2025-04-02T06:13:58.001Z"}
{"level":"high","message":"TypeError: fetch failed","createdAt":"2025-04-02T06:14:00.003Z"}
{"level":"high","message":"TypeError: fetch failed","createdAt":"2025-04-02T06:14:02.003Z"}
{"level":"high","message":"TypeError: fetch failed","createdAt":"2025-04-02T06:14:04.004Z"}
{"level":"high","message":"TypeError: fetch failed","createdAt":"2025-04-02T06:14:06.004Z"}
{"level":"high","message":"TypeError: fetch failed","createdAt":"2025-04-02T06:14:08.003Z"}
{"level":"high","message":"TypeError: fetch failed","createdAt":"2025-04-02T06:14:10.003Z"}
{"level":"high","message":"TypeError: fetch failed","createdAt":"2025-04-02T06:14:12.004Z"}
{"level":"high","message":"TypeError: fetch failed","createdAt":"2025-04-02T06:14:14.003Z"}
{"level":"high","message":"TypeError: fetch failed","createdAt":"2025-04-02T06:14:16.002Z"}
{"level":"high","message":"TypeError: fetch failed","createdAt":"2025-04-02T06:14:18.004Z"}
{"level":"high","message":"TypeError: fetch failed","createdAt":"2025-04-02T06:14:20.004Z"}
{"level":"high","message":"TypeError: fetch failed","createdAt":"2025-04-02T06:14:22.004Z"}
{"level":"high","message":"TypeError: fetch failed","createdAt":"2025-04-02T06:14:24.003Z"}
{"level":"high","message":"TypeError: fetch failed","createdAt":"2025-04-02T06:14:26.002Z"}
{"level":"high","message":"TypeError: fetch failed","createdAt":"2025-04-02T06:14:28.003Z"}
{"level":"high","message":"TypeError: fetch failed","createdAt":"2025-04-02T06:14:30.002Z"}
{"level":"high","message":"TypeError: fetch failed","createdAt":"2025-04-02T06:14:32.003Z"}
{"level":"high","message":"TypeError: fetch failed","createdAt":"2025-04-02T06:14:34.003Z"}
{"level":"high","message":"TypeError: fetch failed","createdAt":"2025-04-02T06:14:36.004Z"}
{"level":"high","message":"TypeError: fetch failed","createdAt":"2025-04-02T06:14:38.003Z"}
{"level":"high","message":"TypeError: fetch failed","createdAt":"2025-04-02T06:14:40.003Z"}
{"level":"high","message":"TypeError: fetch failed","createdAt":"2025-04-02T06:14:42.003Z"}
{"level":"high","message":"TypeError: fetch failed","createdAt":"2025-04-02T06:14:44.004Z"}
{"level":"high","message":"TypeError: fetch failed","createdAt":"2025-04-02T06:14:46.004Z"}
{"level":"high","message":"TypeError: fetch failed","createdAt":"2025-04-02T06:14:48.002Z"}
{"level":"high","message":"TypeError: fetch failed","createdAt":"2025-04-02T06:14:50.003Z"}
{"level":"high","message":"TypeError: fetch failed","createdAt":"2025-04-02T06:14:52.003Z"}
{"level":"high","message":"TypeError: fetch failed","createdAt":"2025-04-02T06:14:54.003Z"}
{"level":"high","message":"TypeError: fetch failed","createdAt":"2025-04-02T06:14:56.004Z"}
{"level":"high","message":"TypeError: fetch failed","createdAt":"2025-04-02T06:14:58.003Z"}
{"level":"high","message":"TypeError: fetch failed","createdAt":"2025-04-02T06:15:00.002Z"}
{"level":"high","message":"TypeError: fetch failed","createdAt":"2025-04-02T06:15:02.003Z"}
{"level":"high","message":"TypeError: fetch failed","createdAt":"2025-04-02T06:15:04.003Z"}
{"level":"high","message":"TypeError: fetch failed","createdAt":"2025-04-02T06:15:06.004Z"}
{"level":"high","message":"TypeError: fetch failed","createdAt":"2025-04-02T06:15:08.003Z"}
{"level":"high","message":"TypeError: fetch failed","createdAt":"2025-04-02T06:15:10.004Z"}
{"level":"high","message":"TypeError: fetch failed","createdAt":"2025-04-02T06:15:12.004Z"}
{"level":"high","message":"TypeError: fetch failed","createdAt":"2025-04-02T06:15:14.004Z"}
{"level":"high","message":"TypeError: fetch failed","createdAt":"2025-04-02T06:15:16.002Z"}
{"level":"high","message":"TypeError: fetch failed","createdAt":"2025-04-02T06:15:18.002Z"}
{"level":"high","message":"TypeError: fetch failed","createdAt":"2025-04-02T06:15:20.003Z"}
{"level":"high","message":"TypeError: fetch failed","createdAt":"2025-04-02T06:15:22.004Z"}
{"level":"high","message":"TypeError: fetch failed","createdAt":"2025-04-02T06:15:24.003Z"}
{"level":"high","message":"TypeError: fetch failed","createdAt":"2025-04-02T06:15:26.004Z"}
{"level":"high","message":"TypeError: fetch failed","createdAt":"2025-04-02T06:15:28.003Z"}
{"level":"high","message":"TypeError: fetch failed","createdAt":"2025-04-02T06:15:30.003Z"}
{"level":"high","message":"TypeError: fetch failed","createdAt":"2025-04-02T06:15:32.003Z"}
{"level":"high","message":"TypeError: fetch failed","createdAt":"2025-04-02T06:15:34.004Z"}
{"level":"high","message":"TypeError: fetch failed","createdAt":"2025-04-02T06:15:36.002Z"}
{"level":"high","message":"TypeError: fetch failed","createdAt":"2025-04-02T06:15:38.005Z"}
{"level":"high","message":"TypeError: fetch failed","createdAt":"2025-04-02T06:15:40.003Z"}
{"level":"high","message":"TypeError: fetch failed","createdAt":"2025-04-02T06:15:42.004Z"}
{"level":"high","message":"TypeError: fetch failed","createdAt":"2025-04-02T06:15:44.002Z"}
{"level":"high","message":"TypeError: fetch failed","createdAt":"2025-04-02T06:15:46.002Z"}
{"level":"high","message":"TypeError: fetch failed","createdAt":"2025-04-02T06:15:48.004Z"}
{"level":"high","message":"TypeError: fetch failed","createdAt":"2025-04-02T06:15:50.002Z"}
{"level":"high","message":"TypeError: fetch failed","createdAt":"2025-04-02T06:15:52.003Z"}
{"level":"high","message":"TypeError: fetch failed","createdAt":"2025-04-02T06:15:54.004Z"}
{"level":"high","message":"TypeError: fetch failed","createdAt":"2025-04-02T06:15:56.002Z"}
{"level":"high","message":"TypeError: fetch failed","createdAt":"2025-04-02T06:16:56.048Z"}
{"level":"high","message":"TypeError: fetch failed","createdAt":"2025-04-02T06:16:59.803Z"}
{"level":"high","message":"TypeError: fetch failed","createdAt":"2025-04-02T06:17:00.002Z"}
{"level":"high","message":"TypeError: fetch failed","createdAt":"2025-04-02T06:17:02.005Z"}
{"level":"high","message":"TypeError: fetch failed","createdAt":"2025-04-02T06:17:04.004Z"}
{"level":"high","message":"TypeError: fetch failed","createdAt":"2025-04-02T06:17:06.004Z"}
{"level":"high","message":"TypeError: fetch failed","createdAt":"2025-04-02T06:17:08.003Z"}
{"level":"high","message":"TypeError: fetch failed","createdAt":"2025-04-02T06:17:10.003Z"}
{"level":"high","message":"TypeError: fetch failed","createdAt":"2025-04-02T06:17:12.004Z"}
{"level":"high","message":"TypeError: fetch failed","createdAt":"2025-04-02T06:17:14.004Z"}
{"level":"high","message":"TypeError: fetch failed","createdAt":"2025-04-02T06:17:16.003Z"}
{"level":"high","message":"TypeError: fetch failed","createdAt":"2025-04-02T06:17:18.032Z"}
{"level":"high","message":"TypeError: fetch failed","createdAt":"2025-04-02T06:17:20.004Z"}
{"level":"high","message":"TypeError: fetch failed","createdAt":"2025-04-02T06:17:22.004Z"}
{"level":"high","message":"TypeError: fetch failed","createdAt":"2025-04-02T06:17:24.004Z"}
{"level":"high","message":"TypeError: fetch failed","createdAt":"2025-04-02T06:17:26.003Z"}
{"level":"high","message":"TypeError: fetch failed","createdAt":"2025-04-02T06:17:28.004Z"}
{"level":"high","message":"TypeError: fetch failed","createdAt":"2025-04-02T06:17:30.004Z"}
{"level":"high","message":"TypeError: fetch failed","createdAt":"2025-04-02T06:17:34.032Z"}
{"level":"high","message":"TypeError: fetch failed","createdAt":"2025-04-13T16:13:44.031Z"}
{"level":"high","message":"TypeError: fetch failed","createdAt":"2025-04-13T16:13:46.004Z"}
{"level":"high","message":"TypeError: fetch failed","createdAt":"2025-04-13T16:13:48.003Z"}
{"level":"high","message":"TypeError: fetch failed","createdAt":"2025-04-13T16:13:50.003Z"}
{"level":"high","message":"TypeError: fetch failed","createdAt":"2025-04-13T16:13:52.003Z"}
{"level":"high","message":"TypeError: fetch failed","createdAt":"2025-06-24T05:57:20.036Z"}
{"level":"high","message":"TypeError: fetch failed","createdAt":"2025-06-24T05:57:22.002Z"}
{"level":"high","message":"TypeError: fetch failed","createdAt":"2025-06-24T05:57:24.004Z"}
{"level":"high","message":"TypeError: fetch failed","createdAt":"2025-06-24T05:57:26.004Z"}
{"level":"high","message":"TypeError: fetch failed","createdAt":"2025-06-24T05:57:28.002Z"}
{"level":"high","message":"TypeError: fetch failed","createdAt":"2025-06-24T05:57:30.003Z"}
{"level":"high","message":"TypeError: fetch failed","createdAt":"2025-06-24T05:57:32.002Z"}
{"level":"high","message":"TypeError: fetch failed","createdAt":"2025-06-24T05:57:34.003Z"}
{"level":"high","message":"TypeError: fetch failed","createdAt":"2025-06-24T05:57:36.003Z"}
{"level":"high","message":"TypeError: fetch failed","createdAt":"2025-06-24T05:57:38.001Z"}
{"level":"high","message":"TypeError: fetch failed","createdAt":"2025-06-24T05:57:40.004Z"}
{"level":"high","message":"TypeError: fetch failed","createdAt":"2025-06-24T05:57:42.002Z"}
{"level":"high","message":"TypeError: fetch failed","createdAt":"2025-06-24T05:57:44.004Z"}
{"level":"high","message":"TypeError: fetch failed","createdAt":"2025-06-24T05:57:46.003Z"}
{"level":"high","message":"TypeError: fetch failed","createdAt":"2025-06-24T05:57:48.003Z"}
{"level":"high","message":"TypeError: fetch failed","createdAt":"2025-06-24T05:57:50.002Z"}
{"level":"high","message":"TypeError: fetch failed","createdAt":"2025-06-24T05:57:52.002Z"}
{"level":"high","message":"TypeError: fetch failed","createdAt":"2025-06-24T05:57:54.003Z"}
{"level":"high","message":"TypeError: fetch failed","createdAt":"2025-06-24T05:57:56.003Z"}
{"level":"high","message":"TypeError: fetch failed","createdAt":"2025-06-24T05:57:58.003Z"}
{"level":"high","message":"TypeError: fetch failed","createdAt":"2025-06-24T05:58:00.003Z"}
{"level":"low","message":"Service with url https://google.com is working","createdAt":"2025-06-24T05:58:02.921Z"}
{"level":"low","message":"Service with url https://google.com is working","createdAt":"2025-06-24T05:58:04.250Z"}
{"level":"low","message":"Service with url https://google.com is working","createdAt":"2025-06-24T05:58:06.297Z"}
{"level":"low","message":"Service with url https://google.com is working","createdAt":"2025-06-24T05:58:08.243Z"}
{"level":"low","message":"Service with url https://google.com is working","createdAt":"2025-06-24T05:58:10.189Z"}
{"level":"low","message":"Service with url https://google.com is working","createdAt":"2025-06-24T05:58:12.237Z"}
{"level":"low","message":"Service with url https://google.com is working","createdAt":"2025-06-24T05:58:14.286Z"}
{"level":"low","message":"Service with url https://google.com is working","createdAt":"2025-06-24T05:58:16.230Z"}
{"level":"low","message":"Service with url https://google.com is working","createdAt":"2025-06-24T05:58:18.372Z"}
{"level":"low","message":"Service with url https://google.com is working","origin":"log.entity.ts","createdAt":"2025-06-25T03:01:56.612Z"}
{"level":"low","message":"Service with url https://google.com is working","origin":"log.entity.ts","createdAt":"2025-06-25T03:01:58.271Z"}
{"level":"low","message":"Service with url https://google.com is working","origin":"log.entity.ts","createdAt":"2025-06-25T03:02:00.269Z"}
{"level":"low","message":"Service with url https://google.com is working","origin":"log.entity.ts","createdAt":"2025-06-25T03:02:02.269Z"}
{"level":"low","message":"Service with url https://google.com is working","origin":"log.entity.ts","createdAt":"2025-06-25T03:02:04.270Z"}
{"level":"low","message":"Service with url https://google.com is working","origin":"log.entity.ts","createdAt":"2025-06-25T03:02:06.261Z"}
{"level":"low","message":"Service with url https://google.com is working","origin":"log.entity.ts","createdAt":"2025-06-25T03:02:08.270Z"}
{"level":"low","message":"Service with url https://google.com is working","origin":"log.entity.ts","createdAt":"2025-06-25T03:02:10.266Z"}
{"level":"low","message":"Service with url https://google.com is working","origin":"log.entity.ts","createdAt":"2025-06-25T03:02:12.274Z"}
{"level":"low","message":"Service with url https://google.com is working","origin":"log.entity.ts","createdAt":"2025-06-25T03:02:14.270Z"}
{"level":"low","message":"Service with url https://google.com is working","origin":"log.entity.ts","createdAt":"2025-06-25T03:02:16.267Z"}
{"level":"low","message":"Service with url https://google.com is working","origin":"log.entity.ts","createdAt":"2025-06-25T03:02:18.262Z"}
{"level":"low","message":"Service with url https://google.com is working","origin":"log.entity.ts","createdAt":"2025-06-25T03:02:20.276Z"}
{"level":"low","message":"Service with url https://google.com is working","origin":"log.entity.ts","createdAt":"2025-06-25T03:02:22.271Z"}
{"level":"low","message":"Service with url https://google.com is working","origin":"log.entity.ts","createdAt":"2025-06-25T03:02:24.265Z"}
{"level":"low","message":"Service with url https://google.com is working","origin":"log.entity.ts","createdAt":"2025-06-25T03:02:26.268Z"}
{"level":"low","message":"Service with url https://google.com is working","origin":"log.entity.ts","createdAt":"2025-06-25T03:02:28.262Z"}
{"level":"low","message":"Service with url https://google.com is working","origin":"log.entity.ts","createdAt":"2025-06-25T03:02:30.278Z"}
{"level":"low","message":"Service with url https://google.com is working","origin":"log.entity.ts","createdAt":"2025-06-25T03:02:32.261Z"}
{"level":"low","message":"Service with url https://google.com is working","origin":"log.entity.ts","createdAt":"2025-06-25T03:02:34.269Z"}
{"level":"low","message":"Service with url https://google.com is working","origin":"log.entity.ts","createdAt":"2025-06-25T03:02:36.264Z"}
{"level":"low","message":"Service with url https://google.com is working","origin":"log.entity.ts","createdAt":"2025-06-25T03:02:38.262Z"}
{"level":"low","message":"Service with url https://google.com is working","origin":"log.entity.ts","createdAt":"2025-06-25T03:02:40.281Z"}
{"level":"low","message":"Service with url https://google.com is working","origin":"log.entity.ts","createdAt":"2025-06-25T03:02:42.264Z"}
{"level":"low","message":"Service with url https://google.com is working","origin":"check-service.ts","createdAt":"2025-06-25T03:02:46.577Z"}
{"level":"low","message":"Service with url https://google.com is working","origin":"check-service.ts","createdAt":"2025-06-25T03:02:48.273Z"}
{"level":"low","message":"Service with url https://google.com is working","origin":"check-service.ts","createdAt":"2025-06-25T03:02:50.267Z"}
{"level":"low","message":"Service with url https://google.com is working","origin":"check-service.ts","createdAt":"2025-06-25T03:02:52.274Z"}
{"level":"low","message":"Service with url https://google.com is working","origin":"check-service.ts","createdAt":"2025-06-25T03:02:54.272Z"}
{"level":"low","message":"El correo con el asunto NOC System - Reporte Diario fue enviado de forma exitosa a guardiola.cev@gmail.com,carlosguardiola2001@gmail.com","origin":"email.service.ts","createdAt":"2025-06-25T05:43:06.771Z"}
{"level":"high","message":"Email not sent","origin":"send-email-logs-service","createdAt":"2025-07-03T05:26:10.713Z"}
{"level":"high","message":"Email not sent","origin":"send-email-logs-service","createdAt":"2025-07-03T05:27:19.787Z"}
{"level":"low","message":"El correo con el asunto NOC System - Reporte Diario fue enviado de forma exitosa a guardiola.cev@gmail.com,carlosguardiola2001@gmail.com","origin":"email.service.ts","createdAt":"2025-07-03T05:35:17.845Z"}
{"level":"low","message":"Log email sent","origin":"send-email-logs-service","createdAt":"2025-07-03T05:35:17.847Z"}
{"level":"low","message":"Log email sent","origin":"send-email-logs-service","createdAt":"2025-07-03T13:29:12.059Z"}
{"level":"low","message":"Service with url https://google.com is working","origin":"check-service.ts","createdAt":"2025-08-10T02:47:12.547Z"}
{"level":"low","message":"Service with url https://google.com is working","origin":"check-service.ts","createdAt":"2025-08-10T02:47:14.230Z"}
{"level":"low","message":"Service with url https://google.com is working","origin":"check-service.ts","createdAt":"2025-08-10T02:47:16.232Z"}
{"level":"low","message":"Service with url https://google.com is working","origin":"check-service.ts","createdAt":"2025-08-10T02:47:18.240Z"}
